<?xml version="1.0" encoding="UTF-8"?>
<coverage generated="1759715145097" clover="3.2.0">
  <project timestamp="1759715145098" name="All files">
    <metrics statements="131" coveredstatements="115" conditionals="60" coveredconditionals="39" methods="23" coveredmethods="20" elements="214" coveredelements="174" complexity="0" loc="131" ncloc="131" packages="1" files="1" classes="1"/>
    <file name="index.js" path="C:\Users\danie\OneDrive\Documents\api_clima-master\api\index.js">
      <metrics statements="131" coveredstatements="115" conditionals="60" coveredconditionals="39" methods="23" coveredmethods="20"/>
      <line num="1" count="1" type="stmt"/>
      <line num="2" count="1" type="stmt"/>
      <line num="3" count="1" type="stmt"/>
      <line num="4" count="1" type="stmt"/>
      <line num="5" count="1" type="stmt"/>
      <line num="6" count="1" type="stmt"/>
      <line num="7" count="1" type="stmt"/>
      <line num="8" count="1" type="stmt"/>
      <line num="9" count="1" type="stmt"/>
      <line num="12" count="1" type="stmt"/>
      <line num="13" count="1" type="stmt"/>
      <line num="15" count="1" type="stmt"/>
      <line num="16" count="1" type="stmt"/>
      <line num="17" count="1" type="stmt"/>
      <line num="18" count="1" type="stmt"/>
      <line num="20" count="1" type="stmt"/>
      <line num="21" count="1" type="stmt"/>
      <line num="24" count="1" type="stmt"/>
      <line num="25" count="1" type="stmt"/>
      <line num="28" count="1" type="stmt"/>
      <line num="30" count="1" type="stmt"/>
      <line num="31" count="1" type="cond" truecount="1" falsecount="1"/>
      <line num="32" count="1" type="stmt"/>
      <line num="34" count="0" type="stmt"/>
      <line num="38" count="4" type="stmt"/>
      <line num="40" count="1" type="stmt"/>
      <line num="43" count="1" type="cond" truecount="0" falsecount="2"/>
      <line num="44" count="1" type="cond" truecount="1" falsecount="1"/>
      <line num="45" count="1" type="cond" truecount="1" falsecount="1"/>
      <line num="46" count="1" type="cond" truecount="1" falsecount="1"/>
      <line num="47" count="0" type="stmt"/>
      <line num="49" count="1" type="cond" truecount="1" falsecount="1"/>
      <line num="50" count="0" type="stmt"/>
      <line num="54" count="1" type="stmt"/>
      <line num="55" count="1" type="stmt"/>
      <line num="58" count="9" type="stmt"/>
      <line num="59" count="9" type="stmt"/>
      <line num="60" count="9" type="stmt"/>
      <line num="61" count="9" type="stmt"/>
      <line num="62" count="9" type="stmt"/>
      <line num="66" count="22" type="stmt"/>
      <line num="67" count="22" type="stmt"/>
      <line num="68" count="22" type="stmt"/>
      <line num="69" count="22" type="stmt"/>
      <line num="70" count="22" type="stmt"/>
      <line num="71" count="22" type="stmt"/>
      <line num="75" count="6" type="stmt"/>
      <line num="79" count="7" type="cond" truecount="2" falsecount="0"/>
      <line num="80" count="7" type="cond" truecount="4" falsecount="0"/>
      <line num="81" count="1" type="stmt"/>
      <line num="83" count="6" type="stmt"/>
      <line num="84" count="6" type="cond" truecount="4" falsecount="1"/>
      <line num="85" count="0" type="stmt"/>
      <line num="88" count="6" type="stmt"/>
      <line num="89" count="6" type="stmt"/>
      <line num="91" count="6" type="cond" truecount="1" falsecount="1"/>
      <line num="92" count="6" type="stmt"/>
      <line num="94" count="0" type="stmt"/>
      <line num="98" count="9" type="stmt"/>
      <line num="99" count="9" type="cond" truecount="2" falsecount="0"/>
      <line num="102" count="1" type="stmt"/>
      <line num="103" count="1" type="stmt"/>
      <line num="105" count="1" type="stmt"/>
      <line num="106" count="9" type="stmt"/>
      <line num="107" count="9" type="cond" truecount="2" falsecount="1"/>
      <line num="108" count="9" type="cond" truecount="3" falsecount="1"/>
      <line num="109" count="0" type="stmt"/>
      <line num="111" count="9" type="cond" truecount="2" falsecount="0"/>
      <line num="112" count="7" type="stmt"/>
      <line num="115" count="2" type="stmt"/>
      <line num="116" count="2" type="stmt"/>
      <line num="119" count="2" type="stmt"/>
      <line num="120" count="2" type="stmt"/>
      <line num="121" count="0" type="stmt"/>
      <line num="124" count="2" type="stmt"/>
      <line num="125" count="2" type="stmt"/>
      <line num="126" count="2" type="stmt"/>
      <line num="128" count="0" type="stmt"/>
      <line num="129" count="0" type="stmt"/>
      <line num="133" count="1" type="stmt"/>
      <line num="134" count="7" type="cond" truecount="1" falsecount="1"/>
      <line num="135" count="7" type="stmt"/>
      <line num="136" count="7" type="cond" truecount="2" falsecount="0"/>
      <line num="138" count="6" type="stmt"/>
      <line num="139" count="6" type="cond" truecount="1" falsecount="1"/>
      <line num="142" count="6" type="stmt"/>
      <line num="143" count="6" type="stmt"/>
      <line num="146" count="6" type="stmt"/>
      <line num="147" count="6" type="stmt"/>
      <line num="148" count="1" type="stmt"/>
      <line num="151" count="6" type="stmt"/>
      <line num="154" count="1" type="stmt"/>
      <line num="155" count="2" type="stmt"/>
      <line num="159" count="1" type="stmt"/>
      <line num="160" count="1" type="stmt"/>
      <line num="161" count="1" type="cond" truecount="1" falsecount="1"/>
      <line num="162" count="1" type="cond" truecount="3" falsecount="1"/>
      <line num="163" count="0" type="stmt"/>
      <line num="165" count="1" type="stmt"/>
      <line num="166" count="1" type="stmt"/>
      <line num="167" count="1" type="cond" truecount="1" falsecount="1"/>
      <line num="169" count="1" type="cond" truecount="1" falsecount="1"/>
      <line num="170" count="1" type="stmt"/>
      <line num="171" count="1" type="stmt"/>
      <line num="173" count="1" type="stmt"/>
      <line num="175" count="0" type="stmt"/>
      <line num="180" count="1" type="stmt"/>
      <line num="181" count="1" type="stmt"/>
      <line num="182" count="1" type="stmt"/>
      <line num="183" count="1" type="stmt"/>
      <line num="184" count="1" type="stmt"/>
      <line num="185" count="1" type="cond" truecount="1" falsecount="1"/>
      <line num="186" count="1" type="stmt"/>
      <line num="187" count="1" type="stmt"/>
      <line num="189" count="0" type="stmt"/>
      <line num="193" count="1" type="stmt"/>
      <line num="194" count="2" type="stmt"/>
      <line num="195" count="2" type="cond" truecount="1" falsecount="1"/>
      <line num="196" count="2" type="stmt"/>
      <line num="197" count="2" type="stmt"/>
      <line num="198" count="1" type="stmt"/>
      <line num="204" count="1" type="cond" truecount="1" falsecount="1"/>
      <line num="205" count="1" type="stmt"/>
      <line num="210" count="1" type="stmt"/>
      <line num="211" count="1" type="stmt"/>
      <line num="212" count="0" type="stmt"/>
      <line num="213" count="0" type="stmt"/>
      <line num="217" count="1" type="cond" truecount="1" falsecount="1"/>
      <line num="218" count="0" type="stmt"/>
      <line num="219" count="0" type="stmt"/>
      <line num="223" count="1" type="stmt"/>
    </file>
  </project>
</coverage>
