{"C:\\Users\\danie\\OneDrive\\Documents\\api_clima-master\\api\\index.js": {"path":"C:\\Users\\danie\\OneDrive\\Documents\\api_clima-master\\api\\index.js","statementMap":{"0":{"start":{"line":1,"column":0},"end":{"line":1,"column":27}},"1":{"start":{"line":2,"column":16},"end":{"line":2,"column":34}},"2":{"start":{"line":3,"column":12},"end":{"line":3,"column":35}},"3":{"start":{"line":4,"column":15},"end":{"line":4,"column":34}},"4":{"start":{"line":5,"column":13},"end":{"line":5,"column":28}},"5":{"start":{"line":6,"column":15},"end":{"line":6,"column":32}},"6":{"start":{"line":7,"column":18},"end":{"line":7,"column":47}},"7":{"start":{"line":8,"column":14},"end":{"line":8,"column":30}},"8":{"start":{"line":9,"column":15},"end":{"line":9,"column":32}},"9":{"start":{"line":12,"column":11},"end":{"line":12,"column":24}},"10":{"start":{"line":13,"column":13},"end":{"line":13,"column":28}},"11":{"start":{"line":15,"column":12},"end":{"line":15,"column":21}},"12":{"start":{"line":16,"column":0},"end":{"line":16,"column":18}},"13":{"start":{"line":17,"column":0},"end":{"line":17,"column":51}},"14":{"start":{"line":18,"column":0},"end":{"line":18,"column":42}},"15":{"start":{"line":20,"column":20},"end":{"line":20,"column":69}},"16":{"start":{"line":21,"column":0},"end":{"line":21,"column":45}},"17":{"start":{"line":24,"column":23},"end":{"line":24,"column":66}},"18":{"start":{"line":25,"column":0},"end":{"line":25,"column":36}},"19":{"start":{"line":28,"column":19},"end":{"line":28,"column":53}},"20":{"start":{"line":30,"column":2},"end":{"line":35,"column":3}},"21":{"start":{"line":31,"column":4},"end":{"line":31,"column":46}},"22":{"start":{"line":31,"column":36},"end":{"line":31,"column":46}},"23":{"start":{"line":32,"column":4},"end":{"line":32,"column":59}},"24":{"start":{"line":34,"column":4},"end":{"line":34,"column":14}},"25":{"start":{"line":38,"column":2},"end":{"line":38,"column":62}},"26":{"start":{"line":40,"column":12},"end":{"line":40,"column":23}},"27":{"start":{"line":43,"column":92},"end":{"line":43,"column":103}},"28":{"start":{"line":44,"column":0},"end":{"line":44,"column":63}},"29":{"start":{"line":44,"column":17},"end":{"line":44,"column":63}},"30":{"start":{"line":45,"column":0},"end":{"line":45,"column":92}},"31":{"start":{"line":45,"column":24},"end":{"line":45,"column":92}},"32":{"start":{"line":46,"column":0},"end":{"line":48,"column":1}},"33":{"start":{"line":47,"column":2},"end":{"line":47,"column":109}},"34":{"start":{"line":49,"column":0},"end":{"line":51,"column":1}},"35":{"start":{"line":50,"column":2},"end":{"line":50,"column":77}},"36":{"start":{"line":54,"column":18},"end":{"line":54,"column":31}},"37":{"start":{"line":55,"column":18},"end":{"line":55,"column":20}},"38":{"start":{"line":58,"column":13},"end":{"line":58,"column":42}},"39":{"start":{"line":59,"column":17},"end":{"line":59,"column":92}},"40":{"start":{"line":60,"column":18},"end":{"line":60,"column":52}},"41":{"start":{"line":61,"column":2},"end":{"line":61,"column":35}},"42":{"start":{"line":62,"column":2},"end":{"line":62,"column":46}},"43":{"start":{"line":66,"column":29},"end":{"line":66,"column":53}},"44":{"start":{"line":67,"column":13},"end":{"line":67,"column":38}},"45":{"start":{"line":68,"column":19},"end":{"line":68,"column":96}},"46":{"start":{"line":69,"column":18},"end":{"line":69,"column":59}},"47":{"start":{"line":70,"column":2},"end":{"line":70,"column":38}},"48":{"start":{"line":71,"column":2},"end":{"line":71,"column":19}},"49":{"start":{"line":75,"column":2},"end":{"line":75,"column":67}},"50":{"start":{"line":79,"column":15},"end":{"line":79,"column":46}},"51":{"start":{"line":80,"column":2},"end":{"line":82,"column":3}},"52":{"start":{"line":81,"column":4},"end":{"line":81,"column":62}},"53":{"start":{"line":83,"column":16},"end":{"line":83,"column":29}},"54":{"start":{"line":84,"column":2},"end":{"line":86,"column":3}},"55":{"start":{"line":85,"column":4},"end":{"line":85,"column":62}},"56":{"start":{"line":88,"column":2},"end":{"line":95,"column":3}},"57":{"start":{"line":89,"column":20},"end":{"line":89,"column":49}},"58":{"start":{"line":91,"column":4},"end":{"line":91,"column":95}},"59":{"start":{"line":92,"column":4},"end":{"line":92,"column":11}},"60":{"start":{"line":94,"column":4},"end":{"line":94,"column":72}},"61":{"start":{"line":98,"column":21},"end":{"line":98,"column":64}},"62":{"start":{"line":98,"column":28},"end":{"line":98,"column":64}},"63":{"start":{"line":99,"column":24},"end":{"line":99,"column":69}},"64":{"start":{"line":99,"column":31},"end":{"line":99,"column":69}},"65":{"start":{"line":102,"column":0},"end":{"line":102,"column":89}},"66":{"start":{"line":102,"column":28},"end":{"line":102,"column":87}},"67":{"start":{"line":103,"column":0},"end":{"line":103,"column":62}},"68":{"start":{"line":103,"column":34},"end":{"line":103,"column":60}},"69":{"start":{"line":105,"column":0},"end":{"line":131,"column":3}},"70":{"start":{"line":106,"column":2},"end":{"line":130,"column":3}},"71":{"start":{"line":107,"column":51},"end":{"line":107,"column":65}},"72":{"start":{"line":108,"column":4},"end":{"line":110,"column":5}},"73":{"start":{"line":109,"column":6},"end":{"line":109,"column":77}},"74":{"start":{"line":111,"column":4},"end":{"line":113,"column":5}},"75":{"start":{"line":111,"column":24},"end":{"line":111,"column":50}},"76":{"start":{"line":112,"column":6},"end":{"line":112,"column":66}},"77":{"start":{"line":115,"column":25},"end":{"line":115,"column":56}},"78":{"start":{"line":116,"column":27},"end":{"line":116,"column":41}},"79":{"start":{"line":119,"column":36},"end":{"line":119,"column":38}},"80":{"start":{"line":120,"column":4},"end":{"line":122,"column":5}},"81":{"start":{"line":121,"column":6},"end":{"line":121,"column":74}},"82":{"start":{"line":124,"column":4},"end":{"line":124,"column":97}},"83":{"start":{"line":125,"column":4},"end":{"line":125,"column":22}},"84":{"start":{"line":126,"column":4},"end":{"line":126,"column":63}},"85":{"start":{"line":128,"column":4},"end":{"line":128,"column":21}},"86":{"start":{"line":129,"column":4},"end":{"line":129,"column":65}},"87":{"start":{"line":133,"column":0},"end":{"line":152,"column":3}},"88":{"start":{"line":134,"column":30},"end":{"line":134,"column":44}},"89":{"start":{"line":135,"column":15},"end":{"line":135,"column":58}},"90":{"start":{"line":135,"column":31},"end":{"line":135,"column":57}},"91":{"start":{"line":136,"column":2},"end":{"line":136,"column":78}},"92":{"start":{"line":136,"column":13},"end":{"line":136,"column":78}},"93":{"start":{"line":138,"column":13},"end":{"line":138,"column":62}},"94":{"start":{"line":139,"column":2},"end":{"line":139,"column":76}},"95":{"start":{"line":139,"column":11},"end":{"line":139,"column":76}},"96":{"start":{"line":142,"column":23},"end":{"line":142,"column":85}},"97":{"start":{"line":143,"column":16},"end":{"line":143,"column":41}},"98":{"start":{"line":146,"column":24},"end":{"line":146,"column":26}},"99":{"start":{"line":147,"column":2},"end":{"line":149,"column":3}},"100":{"start":{"line":148,"column":4},"end":{"line":148,"column":59}},"101":{"start":{"line":151,"column":2},"end":{"line":151,"column":77}},"102":{"start":{"line":154,"column":0},"end":{"line":156,"column":3}},"103":{"start":{"line":155,"column":2},"end":{"line":155,"column":21}},"104":{"start":{"line":159,"column":0},"end":{"line":177,"column":3}},"105":{"start":{"line":160,"column":2},"end":{"line":176,"column":3}},"106":{"start":{"line":161,"column":28},"end":{"line":161,"column":42}},"107":{"start":{"line":162,"column":4},"end":{"line":164,"column":5}},"108":{"start":{"line":163,"column":6},"end":{"line":163,"column":78}},"109":{"start":{"line":165,"column":23},"end":{"line":165,"column":37}},"110":{"start":{"line":166,"column":16},"end":{"line":166,"column":69}},"111":{"start":{"line":166,"column":37},"end":{"line":166,"column":68}},"112":{"start":{"line":167,"column":4},"end":{"line":167,"column":81}},"113":{"start":{"line":167,"column":17},"end":{"line":167,"column":81}},"114":{"start":{"line":169,"column":4},"end":{"line":169,"column":64}},"115":{"start":{"line":170,"column":4},"end":{"line":170,"column":72}},"116":{"start":{"line":171,"column":4},"end":{"line":171,"column":22}},"117":{"start":{"line":173,"column":4},"end":{"line":173,"column":109}},"118":{"start":{"line":175,"column":4},"end":{"line":175,"column":71}},"119":{"start":{"line":180,"column":0},"end":{"line":191,"column":3}},"120":{"start":{"line":181,"column":2},"end":{"line":190,"column":3}},"121":{"start":{"line":182,"column":23},"end":{"line":182,"column":37}},"122":{"start":{"line":183,"column":19},"end":{"line":183,"column":31}},"123":{"start":{"line":184,"column":4},"end":{"line":184,"column":63}},"124":{"start":{"line":184,"column":30},"end":{"line":184,"column":61}},"125":{"start":{"line":185,"column":4},"end":{"line":185,"column":97}},"126":{"start":{"line":185,"column":33},"end":{"line":185,"column":97}},"127":{"start":{"line":186,"column":4},"end":{"line":186,"column":22}},"128":{"start":{"line":187,"column":4},"end":{"line":187,"column":27}},"129":{"start":{"line":189,"column":4},"end":{"line":189,"column":69}},"130":{"start":{"line":193,"column":0},"end":{"line":207,"column":3}},"131":{"start":{"line":194,"column":2},"end":{"line":206,"column":3}},"132":{"start":{"line":195,"column":17},"end":{"line":195,"column":50}},"133":{"start":{"line":196,"column":16},"end":{"line":196,"column":145}},"134":{"start":{"line":197,"column":21},"end":{"line":197,"column":60}},"135":{"start":{"line":198,"column":4},"end":{"line":202,"column":7}},"136":{"start":{"line":204,"column":19},"end":{"line":204,"column":45}},"137":{"start":{"line":205,"column":4},"end":{"line":205,"column":67}},"138":{"start":{"line":210,"column":0},"end":{"line":210,"column":72}},"139":{"start":{"line":210,"column":22},"end":{"line":210,"column":70}},"140":{"start":{"line":211,"column":0},"end":{"line":214,"column":3}},"141":{"start":{"line":212,"column":2},"end":{"line":212,"column":41}},"142":{"start":{"line":213,"column":2},"end":{"line":213,"column":51}},"143":{"start":{"line":217,"column":0},"end":{"line":221,"column":1}},"144":{"start":{"line":218,"column":2},"end":{"line":220,"column":5}},"145":{"start":{"line":219,"column":4},"end":{"line":219,"column":61}},"146":{"start":{"line":223,"column":0},"end":{"line":223,"column":21}}},"fnMap":{"0":{"name":"readUsers","decl":{"start":{"line":29,"column":9},"end":{"line":29,"column":18}},"loc":{"start":{"line":29,"column":21},"end":{"line":36,"column":1}},"line":29},"1":{"name":"writeUsers","decl":{"start":{"line":37,"column":9},"end":{"line":37,"column":19}},"loc":{"start":{"line":37,"column":26},"end":{"line":39,"column":1}},"line":37},"2":{"name":"encrypt","decl":{"start":{"line":57,"column":9},"end":{"line":57,"column":16}},"loc":{"start":{"line":57,"column":23},"end":{"line":63,"column":1}},"line":57},"3":{"name":"decrypt","decl":{"start":{"line":65,"column":9},"end":{"line":65,"column":16}},"loc":{"start":{"line":65,"column":32},"end":{"line":72,"column":1}},"line":65},"4":{"name":"createToken","decl":{"start":{"line":74,"column":9},"end":{"line":74,"column":20}},"loc":{"start":{"line":74,"column":30},"end":{"line":76,"column":1}},"line":74},"5":{"name":"authMiddleware","decl":{"start":{"line":78,"column":9},"end":{"line":78,"column":23}},"loc":{"start":{"line":78,"column":40},"end":{"line":96,"column":1}},"line":78},"6":{"name":"(anonymous_6)","decl":{"start":{"line":98,"column":21},"end":{"line":98,"column":22}},"loc":{"start":{"line":98,"column":28},"end":{"line":98,"column":64}},"line":98},"7":{"name":"(anonymous_7)","decl":{"start":{"line":99,"column":24},"end":{"line":99,"column":25}},"loc":{"start":{"line":99,"column":31},"end":{"line":99,"column":69}},"line":99},"8":{"name":"(anonymous_8)","decl":{"start":{"line":102,"column":13},"end":{"line":102,"column":14}},"loc":{"start":{"line":102,"column":28},"end":{"line":102,"column":87}},"line":102},"9":{"name":"(anonymous_9)","decl":{"start":{"line":103,"column":19},"end":{"line":103,"column":20}},"loc":{"start":{"line":103,"column":34},"end":{"line":103,"column":60}},"line":103},"10":{"name":"(anonymous_10)","decl":{"start":{"line":105,"column":22},"end":{"line":105,"column":23}},"loc":{"start":{"line":105,"column":42},"end":{"line":131,"column":1}},"line":105},"11":{"name":"(anonymous_11)","decl":{"start":{"line":111,"column":19},"end":{"line":111,"column":20}},"loc":{"start":{"line":111,"column":24},"end":{"line":111,"column":50}},"line":111},"12":{"name":"(anonymous_12)","decl":{"start":{"line":133,"column":19},"end":{"line":133,"column":20}},"loc":{"start":{"line":133,"column":39},"end":{"line":152,"column":1}},"line":133},"13":{"name":"(anonymous_13)","decl":{"start":{"line":135,"column":26},"end":{"line":135,"column":27}},"loc":{"start":{"line":135,"column":31},"end":{"line":135,"column":57}},"line":135},"14":{"name":"(anonymous_14)","decl":{"start":{"line":154,"column":31},"end":{"line":154,"column":32}},"loc":{"start":{"line":154,"column":45},"end":{"line":156,"column":1}},"line":154},"15":{"name":"(anonymous_15)","decl":{"start":{"line":159,"column":38},"end":{"line":159,"column":39}},"loc":{"start":{"line":159,"column":52},"end":{"line":177,"column":1}},"line":159},"16":{"name":"(anonymous_16)","decl":{"start":{"line":166,"column":32},"end":{"line":166,"column":33}},"loc":{"start":{"line":166,"column":37},"end":{"line":166,"column":68}},"line":166},"17":{"name":"(anonymous_17)","decl":{"start":{"line":180,"column":39},"end":{"line":180,"column":40}},"loc":{"start":{"line":180,"column":53},"end":{"line":191,"column":1}},"line":180},"18":{"name":"(anonymous_18)","decl":{"start":{"line":184,"column":25},"end":{"line":184,"column":26}},"loc":{"start":{"line":184,"column":30},"end":{"line":184,"column":61}},"line":184},"19":{"name":"(anonymous_19)","decl":{"start":{"line":193,"column":36},"end":{"line":193,"column":37}},"loc":{"start":{"line":193,"column":56},"end":{"line":207,"column":1}},"line":193},"20":{"name":"(anonymous_20)","decl":{"start":{"line":210,"column":8},"end":{"line":210,"column":9}},"loc":{"start":{"line":210,"column":22},"end":{"line":210,"column":70}},"line":210},"21":{"name":"(anonymous_21)","decl":{"start":{"line":211,"column":8},"end":{"line":211,"column":9}},"loc":{"start":{"line":211,"column":35},"end":{"line":214,"column":1}},"line":211},"22":{"name":"(anonymous_22)","decl":{"start":{"line":218,"column":19},"end":{"line":218,"column":20}},"loc":{"start":{"line":218,"column":25},"end":{"line":220,"column":3}},"line":218}},"branchMap":{"0":{"loc":{"start":{"line":31,"column":4},"end":{"line":31,"column":46}},"type":"if","locations":[{"start":{"line":31,"column":4},"end":{"line":31,"column":46}},{"start":{},"end":{}}],"line":31},"1":{"loc":{"start":{"line":43,"column":8},"end":{"line":43,"column":17}},"type":"default-arg","locations":[{"start":{"line":43,"column":13},"end":{"line":43,"column":17}}],"line":43},"2":{"loc":{"start":{"line":43,"column":31},"end":{"line":43,"column":47}},"type":"default-arg","locations":[{"start":{"line":43,"column":43},"end":{"line":43,"column":47}}],"line":43},"3":{"loc":{"start":{"line":44,"column":0},"end":{"line":44,"column":63}},"type":"if","locations":[{"start":{"line":44,"column":0},"end":{"line":44,"column":63}},{"start":{},"end":{}}],"line":44},"4":{"loc":{"start":{"line":45,"column":0},"end":{"line":45,"column":92}},"type":"if","locations":[{"start":{"line":45,"column":0},"end":{"line":45,"column":92}},{"start":{},"end":{}}],"line":45},"5":{"loc":{"start":{"line":46,"column":0},"end":{"line":48,"column":1}},"type":"if","locations":[{"start":{"line":46,"column":0},"end":{"line":48,"column":1}},{"start":{},"end":{}}],"line":46},"6":{"loc":{"start":{"line":49,"column":0},"end":{"line":51,"column":1}},"type":"if","locations":[{"start":{"line":49,"column":0},"end":{"line":51,"column":1}},{"start":{},"end":{}}],"line":49},"7":{"loc":{"start":{"line":79,"column":15},"end":{"line":79,"column":46}},"type":"binary-expr","locations":[{"start":{"line":79,"column":15},"end":{"line":79,"column":40}},{"start":{"line":79,"column":44},"end":{"line":79,"column":46}}],"line":79},"8":{"loc":{"start":{"line":80,"column":2},"end":{"line":82,"column":3}},"type":"if","locations":[{"start":{"line":80,"column":2},"end":{"line":82,"column":3}},{"start":{},"end":{}}],"line":80},"9":{"loc":{"start":{"line":80,"column":6},"end":{"line":80,"column":42}},"type":"binary-expr","locations":[{"start":{"line":80,"column":6},"end":{"line":80,"column":11}},{"start":{"line":80,"column":15},"end":{"line":80,"column":42}}],"line":80},"10":{"loc":{"start":{"line":84,"column":2},"end":{"line":86,"column":3}},"type":"if","locations":[{"start":{"line":84,"column":2},"end":{"line":86,"column":3}},{"start":{},"end":{}}],"line":84},"11":{"loc":{"start":{"line":84,"column":6},"end":{"line":84,"column":57}},"type":"binary-expr","locations":[{"start":{"line":84,"column":6},"end":{"line":84,"column":12}},{"start":{"line":84,"column":16},"end":{"line":84,"column":32}},{"start":{"line":84,"column":36},"end":{"line":84,"column":57}}],"line":84},"12":{"loc":{"start":{"line":91,"column":64},"end":{"line":91,"column":92}},"type":"binary-expr","locations":[{"start":{"line":91,"column":64},"end":{"line":91,"column":86}},{"start":{"line":91,"column":90},"end":{"line":91,"column":92}}],"line":91},"13":{"loc":{"start":{"line":99,"column":31},"end":{"line":99,"column":69}},"type":"binary-expr","locations":[{"start":{"line":99,"column":31},"end":{"line":99,"column":52}},{"start":{"line":99,"column":56},"end":{"line":99,"column":69}}],"line":99},"14":{"loc":{"start":{"line":107,"column":29},"end":{"line":107,"column":46}},"type":"default-arg","locations":[{"start":{"line":107,"column":44},"end":{"line":107,"column":46}}],"line":107},"15":{"loc":{"start":{"line":107,"column":51},"end":{"line":107,"column":65}},"type":"binary-expr","locations":[{"start":{"line":107,"column":51},"end":{"line":107,"column":59}},{"start":{"line":107,"column":63},"end":{"line":107,"column":65}}],"line":107},"16":{"loc":{"start":{"line":108,"column":4},"end":{"line":110,"column":5}},"type":"if","locations":[{"start":{"line":108,"column":4},"end":{"line":110,"column":5}},{"start":{},"end":{}}],"line":108},"17":{"loc":{"start":{"line":108,"column":8},"end":{"line":108,"column":58}},"type":"binary-expr","locations":[{"start":{"line":108,"column":8},"end":{"line":108,"column":28}},{"start":{"line":108,"column":32},"end":{"line":108,"column":58}}],"line":108},"18":{"loc":{"start":{"line":111,"column":4},"end":{"line":113,"column":5}},"type":"if","locations":[{"start":{"line":111,"column":4},"end":{"line":113,"column":5}},{"start":{},"end":{}}],"line":111},"19":{"loc":{"start":{"line":134,"column":30},"end":{"line":134,"column":44}},"type":"binary-expr","locations":[{"start":{"line":134,"column":30},"end":{"line":134,"column":38}},{"start":{"line":134,"column":42},"end":{"line":134,"column":44}}],"line":134},"20":{"loc":{"start":{"line":136,"column":2},"end":{"line":136,"column":78}},"type":"if","locations":[{"start":{"line":136,"column":2},"end":{"line":136,"column":78}},{"start":{},"end":{}}],"line":136},"21":{"loc":{"start":{"line":139,"column":2},"end":{"line":139,"column":76}},"type":"if","locations":[{"start":{"line":139,"column":2},"end":{"line":139,"column":76}},{"start":{},"end":{}}],"line":139},"22":{"loc":{"start":{"line":161,"column":28},"end":{"line":161,"column":42}},"type":"binary-expr","locations":[{"start":{"line":161,"column":28},"end":{"line":161,"column":36}},{"start":{"line":161,"column":40},"end":{"line":161,"column":42}}],"line":161},"23":{"loc":{"start":{"line":162,"column":4},"end":{"line":164,"column":5}},"type":"if","locations":[{"start":{"line":162,"column":4},"end":{"line":164,"column":5}},{"start":{},"end":{}}],"line":162},"24":{"loc":{"start":{"line":162,"column":8},"end":{"line":162,"column":72}},"type":"binary-expr","locations":[{"start":{"line":162,"column":8},"end":{"line":162,"column":39}},{"start":{"line":162,"column":43},"end":{"line":162,"column":72}}],"line":162},"25":{"loc":{"start":{"line":167,"column":4},"end":{"line":167,"column":81}},"type":"if","locations":[{"start":{"line":167,"column":4},"end":{"line":167,"column":81}},{"start":{},"end":{}}],"line":167},"26":{"loc":{"start":{"line":169,"column":32},"end":{"line":169,"column":63}},"type":"binary-expr","locations":[{"start":{"line":169,"column":32},"end":{"line":169,"column":57}},{"start":{"line":169,"column":61},"end":{"line":169,"column":63}}],"line":169},"27":{"loc":{"start":{"line":185,"column":4},"end":{"line":185,"column":97}},"type":"if","locations":[{"start":{"line":185,"column":4},"end":{"line":185,"column":97}},{"start":{},"end":{}}],"line":185},"28":{"loc":{"start":{"line":195,"column":24},"end":{"line":195,"column":49}},"type":"binary-expr","locations":[{"start":{"line":195,"column":24},"end":{"line":195,"column":35}},{"start":{"line":195,"column":39},"end":{"line":195,"column":49}}],"line":195},"29":{"loc":{"start":{"line":204,"column":19},"end":{"line":204,"column":45}},"type":"binary-expr","locations":[{"start":{"line":204,"column":19},"end":{"line":204,"column":38}},{"start":{"line":204,"column":42},"end":{"line":204,"column":45}}],"line":204},"30":{"loc":{"start":{"line":217,"column":0},"end":{"line":221,"column":1}},"type":"if","locations":[{"start":{"line":217,"column":0},"end":{"line":221,"column":1}},{"start":{},"end":{}}],"line":217}},"s":{"0":1,"1":1,"2":1,"3":1,"4":1,"5":1,"6":1,"7":1,"8":1,"9":1,"10":1,"11":1,"12":1,"13":1,"14":1,"15":1,"16":1,"17":1,"18":1,"19":1,"20":1,"21":1,"22":0,"23":1,"24":0,"25":4,"26":1,"27":1,"28":1,"29":0,"30":1,"31":0,"32":1,"33":0,"34":1,"35":0,"36":1,"37":1,"38":9,"39":9,"40":9,"41":9,"42":9,"43":22,"44":22,"45":22,"46":22,"47":22,"48":22,"49":6,"50":7,"51":7,"52":1,"53":6,"54":6,"55":0,"56":6,"57":6,"58":6,"59":6,"60":0,"61":1,"62":9,"63":1,"64":9,"65":1,"66":1,"67":1,"68":1,"69":1,"70":9,"71":9,"72":9,"73":0,"74":9,"75":7,"76":7,"77":2,"78":2,"79":2,"80":2,"81":0,"82":2,"83":2,"84":2,"85":0,"86":0,"87":1,"88":7,"89":7,"90":6,"91":7,"92":1,"93":6,"94":6,"95":0,"96":6,"97":6,"98":6,"99":6,"100":1,"101":6,"102":1,"103":2,"104":1,"105":1,"106":1,"107":1,"108":0,"109":1,"110":1,"111":1,"112":1,"113":0,"114":1,"115":1,"116":1,"117":1,"118":0,"119":1,"120":1,"121":1,"122":1,"123":1,"124":1,"125":1,"126":0,"127":1,"128":1,"129":0,"130":1,"131":2,"132":2,"133":2,"134":2,"135":1,"136":1,"137":1,"138":1,"139":0,"140":1,"141":0,"142":0,"143":1,"144":0,"145":0,"146":1},"f":{"0":1,"1":4,"2":9,"3":22,"4":6,"5":7,"6":9,"7":9,"8":1,"9":1,"10":9,"11":7,"12":7,"13":6,"14":2,"15":1,"16":1,"17":1,"18":1,"19":2,"20":0,"21":0,"22":0},"b":{"0":[0,1],"1":[0],"2":[0],"3":[0,1],"4":[0,1],"5":[0,1],"6":[0,1],"7":[7,1],"8":[1,6],"9":[7,6],"10":[0,6],"11":[6,6,6],"12":[6,0],"13":[9,9],"14":[9],"15":[9,0],"16":[0,9],"17":[9,9],"18":[7,2],"19":[7,0],"20":[1,6],"21":[0,6],"22":[1,0],"23":[0,1],"24":[1,1],"25":[0,1],"26":[1,0],"27":[0,1],"28":[2,0],"29":[1,0],"30":[0,1]},"_coverageSchema":"1a1c01bbd47fc00a2c39e90264f33305004495a9","hash":"46e2ff8583b765846e15317d41bb53856d2819e2"}
}
