TN:
SF:api\index.js
FN:29,readUsers
FN:37,writeUsers
FN:57,encrypt
FN:65,decrypt
FN:74,createToken
FN:78,authMiddleware
FN:98,(anonymous_6)
FN:99,(anonymous_7)
FN:102,(anonymous_8)
FN:103,(anonymous_9)
FN:105,(anonymous_10)
FN:111,(anonymous_11)
FN:133,(anonymous_12)
FN:135,(anonymous_13)
FN:154,(anonymous_14)
FN:159,(anonymous_15)
FN:166,(anonymous_16)
FN:180,(anonymous_17)
FN:184,(anonymous_18)
FN:193,(anonymous_19)
FN:210,(anonymous_20)
FN:211,(anonymous_21)
FN:218,(anonymous_22)
FNF:23
FNH:20
FNDA:1,readUsers
FNDA:4,writeUsers
FNDA:9,encrypt
FNDA:22,decrypt
FNDA:6,createToken
FNDA:7,authMiddleware
FNDA:9,(anonymous_6)
FNDA:9,(anonymous_7)
FNDA:1,(anonymous_8)
FNDA:1,(anonymous_9)
FNDA:9,(anonymous_10)
FNDA:7,(anonymous_11)
FNDA:7,(anonymous_12)
FNDA:6,(anonymous_13)
FNDA:2,(anonymous_14)
FNDA:1,(anonymous_15)
FNDA:1,(anonymous_16)
FNDA:1,(anonymous_17)
FNDA:1,(anonymous_18)
FNDA:2,(anonymous_19)
FNDA:0,(anonymous_20)
FNDA:0,(anonymous_21)
FNDA:0,(anonymous_22)
DA:1,1
DA:2,1
DA:3,1
DA:4,1
DA:5,1
DA:6,1
DA:7,1
DA:8,1
DA:9,1
DA:12,1
DA:13,1
DA:15,1
DA:16,1
DA:17,1
DA:18,1
DA:20,1
DA:21,1
DA:24,1
DA:25,1
DA:28,1
DA:30,1
DA:31,1
DA:32,1
DA:34,0
DA:38,4
DA:40,1
DA:43,1
DA:44,1
DA:45,1
DA:46,1
DA:47,0
DA:49,1
DA:50,0
DA:54,1
DA:55,1
DA:58,9
DA:59,9
DA:60,9
DA:61,9
DA:62,9
DA:66,22
DA:67,22
DA:68,22
DA:69,22
DA:70,22
DA:71,22
DA:75,6
DA:79,7
DA:80,7
DA:81,1
DA:83,6
DA:84,6
DA:85,0
DA:88,6
DA:89,6
DA:91,6
DA:92,6
DA:94,0
DA:98,9
DA:99,9
DA:102,1
DA:103,1
DA:105,1
DA:106,9
DA:107,9
DA:108,9
DA:109,0
DA:111,9
DA:112,7
DA:115,2
DA:116,2
DA:119,2
DA:120,2
DA:121,0
DA:124,2
DA:125,2
DA:126,2
DA:128,0
DA:129,0
DA:133,1
DA:134,7
DA:135,7
DA:136,7
DA:138,6
DA:139,6
DA:142,6
DA:143,6
DA:146,6
DA:147,6
DA:148,1
DA:151,6
DA:154,1
DA:155,2
DA:159,1
DA:160,1
DA:161,1
DA:162,1
DA:163,0
DA:165,1
DA:166,1
DA:167,1
DA:169,1
DA:170,1
DA:171,1
DA:173,1
DA:175,0
DA:180,1
DA:181,1
DA:182,1
DA:183,1
DA:184,1
DA:185,1
DA:186,1
DA:187,1
DA:189,0
DA:193,1
DA:194,2
DA:195,2
DA:196,2
DA:197,2
DA:198,1
DA:204,1
DA:205,1
DA:210,1
DA:211,1
DA:212,0
DA:213,0
DA:217,1
DA:218,0
DA:219,0
DA:223,1
LF:131
LH:115
BRDA:31,0,0,0
BRDA:31,0,1,1
BRDA:43,1,0,0
BRDA:43,2,0,0
BRDA:44,3,0,0
BRDA:44,3,1,1
BRDA:45,4,0,0
BRDA:45,4,1,1
BRDA:46,5,0,0
BRDA:46,5,1,1
BRDA:49,6,0,0
BRDA:49,6,1,1
BRDA:79,7,0,7
BRDA:79,7,1,1
BRDA:80,8,0,1
BRDA:80,8,1,6
BRDA:80,9,0,7
BRDA:80,9,1,6
BRDA:84,10,0,0
BRDA:84,10,1,6
BRDA:84,11,0,6
BRDA:84,11,1,6
BRDA:84,11,2,6
BRDA:91,12,0,6
BRDA:91,12,1,0
BRDA:99,13,0,9
BRDA:99,13,1,9
BRDA:107,14,0,9
BRDA:107,15,0,9
BRDA:107,15,1,0
BRDA:108,16,0,0
BRDA:108,16,1,9
BRDA:108,17,0,9
BRDA:108,17,1,9
BRDA:111,18,0,7
BRDA:111,18,1,2
BRDA:134,19,0,7
BRDA:134,19,1,0
BRDA:136,20,0,1
BRDA:136,20,1,6
BRDA:139,21,0,0
BRDA:139,21,1,6
BRDA:161,22,0,1
BRDA:161,22,1,0
BRDA:162,23,0,0
BRDA:162,23,1,1
BRDA:162,24,0,1
BRDA:162,24,1,1
BRDA:167,25,0,0
BRDA:167,25,1,1
BRDA:169,26,0,1
BRDA:169,26,1,0
BRDA:185,27,0,0
BRDA:185,27,1,1
BRDA:195,28,0,2
BRDA:195,28,1,0
BRDA:204,29,0,1
BRDA:204,29,1,0
BRDA:217,30,0,0
BRDA:217,30,1,1
BRF:60
BRH:39
end_of_record
